0 info it worked if it ends with ok
1 verbose cli [ 'D:\\nodejs\\node.exe',
1 verbose cli   'D:\\nodejs\\node_modules\\npm\\bin\\npm-cli.js',
1 verbose cli   'run',
1 verbose cli   'dev',
1 verbose cli   '--scripts-prepend-node-path=auto' ]
2 info using npm@3.10.10
3 info using node@v6.9.5
4 verbose run-script [ 'predev', 'dev', 'postdev' ]
5 info lifecycle plutojs@2.0.2~predev: plutojs@2.0.2
6 silly lifecycle plutojs@2.0.2~predev: no script for predev, continuing
7 info lifecycle plutojs@2.0.2~dev: plutojs@2.0.2
8 verbose lifecycle plutojs@2.0.2~dev: unsafe-perm in lifecycle true
9 verbose lifecycle plutojs@2.0.2~dev: PATH: D:\nodejs\node_modules\npm\bin\node-gyp-bin;D:\nodeProjects\plutojs\node_modules\.bin;C:\ProgramData\Oracle\Java\javapath;d:\ImageMagick-6.9.2-Q16;C:\Program Files (x86)\Common Files\NetSarang;C:\Windows\system32;C:\Windows;C:\Windows\System32\Wbem;C:\Windows\System32\WindowsPowerShell\v1.0\;D:\Program Files (x86)\Java\jdk1.8.0_101\bin;D:\Program Files (x86)\Java\jdk1.8.0_101\jre\bin;D:\apache-maven-3.1.0\bin;D:\Program Files\TortoiseSVN\bin;D:\Python27;D:\nodejs;D:\nodejs\;d:\Program Files\Git\cmd;D:\Program Files\TortoiseGit\bin;C:\Users\heju\AppData\Roaming\npm
10 verbose lifecycle plutojs@2.0.2~dev: CWD: D:\nodeProjects\plutojs
11 silly lifecycle plutojs@2.0.2~dev: Args: [ '/d /s /c', 'webpack --env=dev --progress --watch' ]
12 silly lifecycle plutojs@2.0.2~dev: Returned: code: 1  signal: null
13 info lifecycle plutojs@2.0.2~dev: Failed to exec dev script
14 verbose stack Error: plutojs@2.0.2 dev: `webpack --env=dev --progress --watch`
14 verbose stack Exit status 1
14 verbose stack     at EventEmitter.<anonymous> (D:\nodejs\node_modules\npm\lib\utils\lifecycle.js:255:16)
14 verbose stack     at emitTwo (events.js:106:13)
14 verbose stack     at EventEmitter.emit (events.js:191:7)
14 verbose stack     at ChildProcess.<anonymous> (D:\nodejs\node_modules\npm\lib\utils\spawn.js:40:14)
14 verbose stack     at emitTwo (events.js:106:13)
14 verbose stack     at ChildProcess.emit (events.js:191:7)
14 verbose stack     at maybeClose (internal/child_process.js:877:16)
14 verbose stack     at Process.ChildProcess._handle.onexit (internal/child_process.js:226:5)
15 verbose pkgid plutojs@2.0.2
16 verbose cwd D:\nodeProjects\plutojs
17 error Windows_NT 6.1.7601
18 error argv "D:\\nodejs\\node.exe" "D:\\nodejs\\node_modules\\npm\\bin\\npm-cli.js" "run" "dev" "--scripts-prepend-node-path=auto"
19 error node v6.9.5
20 error npm  v3.10.10
21 error code ELIFECYCLE
22 error plutojs@2.0.2 dev: `webpack --env=dev --progress --watch`
22 error Exit status 1
23 error Failed at the plutojs@2.0.2 dev script 'webpack --env=dev --progress --watch'.
23 error Make sure you have the latest version of node.js and npm installed.
23 error If you do, this is most likely a problem with the plutojs package,
23 error not with npm itself.
23 error Tell the author that this fails on your system:
23 error     webpack --env=dev --progress --watch
23 error You can get information on how to open an issue for this project with:
23 error     npm bugs plutojs
23 error Or if that isn't available, you can get their info via:
23 error     npm owner ls plutojs
23 error There is likely additional logging output above.
24 verbose exit [ 1, true ]
